<?xml version="1.0" encoding="UTF-8"?>
<!-- Generated by org.testng.reporters.JUnitReportReporter -->
<testsuite hostname="saad" failures="0" tests="1" name="tests.l1f21bsse0491" time="17.429" errors="0" timestamp="2025-01-06T07:11:38 PKT" skipped="0">
  <testcase classname="tests.l1f21bsse0491" name="cafeTest" time="17.429"/>
</testsuite> <!-- tests.l1f21bsse0491 -->
