<?xml version="1.0" encoding="UTF-8"?>
<!-- Generated by org.testng.reporters.JUnitReportReporter -->
<testsuite hostname="saad" failures="0" tests="1" name="tests.l1f21bsse0491" time="19.073" errors="0" timestamp="2024-12-31T21:07:30 PKT" skipped="0">
  <testcase classname="tests.l1f21bsse0491" name="cafeTest" time="19.073"/>
</testsuite> <!-- tests.l1f21bsse0491 -->
