<?xml version="1.0" encoding="UTF-8"?>
<!-- Generated by org.testng.reporters.JUnitReportReporter -->
<testsuite hostname="saad" failures="0" tests="1" name="tests.l1f21bsse0491" time="16.983" errors="0" timestamp="2025-01-06T22:58:33 PKT" skipped="0">
  <testcase classname="tests.l1f21bsse0491" name="cafeTest" time="16.983"/>
</testsuite> <!-- tests.l1f21bsse0491 -->
